<?xml version="1.0" encoding="UTF-8"?>
<testsuite name="TicTacToeTest" tests="1" skipped="0" failures="0" errors="0" timestamp="2023-06-26T08:54:36" hostname="0134" time="0.482">
  <properties/>
  <testcase name="start" classname="TicTacToeTest" time="0.482"/>
  <system-out><![CDATA[?[1;31m
Start test 1?[0m
---------
|       |
|       |
|       |
---------
Enter the coordinates: > 2 2
---------
|       |
|   X   |
|       |
---------
Making move level "easy"
---------
|       |
|   X   |
|   O   |
---------
Enter the coordinates: > 1 1
---------
| X     |
|   X   |
|   O   |
---------
Making move level "easy"
---------
| X O   |
|   X   |
|   O   |
---------
Enter the coordinates: > 3 3
---------
| X O   |
|   X   |
|   O X |
---------
X wins
?[1;31m
Start test 2?[0m
---------
|       |
|       |
|       |
---------
Enter the coordinates: > 2 2
---------
|       |
|   X   |
|       |
---------
Making move level "easy"
---------
|       |
|   X   |
|   O   |
---------
?[1;31m
Start test 3?[0m
---------
|       |
|       |
|       |
---------
Enter the coordinates: > 2 2
---------
|       |
|   X   |
|       |
---------
Making move level "easy"
---------
|       |
|   X   |
|     O |
---------
?[1;31m
Start test 4?[0m
---------
|       |
|       |
|       |
---------
Enter the coordinates: > 2 2
---------
|       |
|   X   |
|       |
---------
Making move level "easy"
---------
| O     |
|   X   |
|       |
---------
?[1;31m
Start test 5?[0m
---------
|       |
|       |
|       |
---------
Enter the coordinates: > 2 2
---------
|       |
|   X   |
|       |
---------
Making move level "easy"
---------
| O     |
|   X   |
|       |
---------
?[1;31m
Start test 6?[0m
---------
|       |
|       |
|       |
---------
Enter the coordinates: > 2 2
---------
|       |
|   X   |
|       |
---------
Making move level "easy"
---------
|       |
|   X   |
|     O |
---------
?[1;31m
Start test 7?[0m
---------
|       |
|       |
|       |
---------
Enter the coordinates: > 2 2
---------
|       |
|   X   |
|       |
---------
Making move level "easy"
---------
| O     |
|   X   |
|       |
---------
?[1;31m
Start test 8?[0m
---------
|       |
|       |
|       |
---------
Enter the coordinates: > 2 2
---------
|       |
|   X   |
|       |
---------
Making move level "easy"
---------
|   O   |
|   X   |
|       |
---------
?[1;31m
Start test 9?[0m
---------
|       |
|       |
|       |
---------
Enter the coordinates: > 2 2
---------
|       |
|   X   |
|       |
---------
Making move level "easy"
---------
| O     |
|   X   |
|       |
---------
?[1;31m
Start test 10?[0m
---------
|       |
|       |
|       |
---------
Enter the coordinates: > 2 2
---------
|       |
|   X   |
|       |
---------
Making move level "easy"
---------
|       |
|   X O |
|       |
---------
?[1;31m
Start test 11?[0m
---------
|       |
|       |
|       |
---------
Enter the coordinates: > 2 2
---------
|       |
|   X   |
|       |
---------
Making move level "easy"
---------
|   O   |
|   X   |
|       |
---------
?[1;31m
Start test 12?[0m
---------
|       |
|       |
|       |
---------
Enter the coordinates: > 2 2
---------
|       |
|   X   |
|       |
---------
Making move level "easy"
---------
|       |
| O X   |
|       |
---------
?[1;31m
Start test 13?[0m
---------
|       |
|       |
|       |
---------
Enter the coordinates: > 2 2
---------
|       |
|   X   |
|       |
---------
Making move level "easy"
---------
|       |
|   X   |
| O     |
---------
?[1;31m
Start test 14?[0m
---------
|       |
|       |
|       |
---------
Enter the coordinates: > 2 2
---------
|       |
|   X   |
|       |
---------
Making move level "easy"
---------
|   O   |
|   X   |
|       |
---------
?[1;31m
Start test 15?[0m
---------
|       |
|       |
|       |
---------
Enter the coordinates: > 2 2
---------
|       |
|   X   |
|       |
---------
Making move level "easy"
---------
|       |
|   X   |
|   O   |
---------
?[1;31m
Start test 16?[0m
---------
|       |
|       |
|       |
---------
Enter the coordinates: > 2 2
---------
|       |
|   X   |
|       |
---------
Making move level "easy"
---------
|       |
|   X O |
|       |
---------
?[1;31m
Start test 17?[0m
---------
|       |
|       |
|       |
---------
Enter the coordinates: > 2 2
---------
|       |
|   X   |
|       |
---------
Making move level "easy"
---------
|       |
|   X   |
|     O |
---------
?[1;31m
Start test 18?[0m
---------
|       |
|       |
|       |
---------
Enter the coordinates: > 2 2
---------
|       |
|   X   |
|       |
---------
Making move level "easy"
---------
|       |
| O X   |
|       |
---------
?[1;31m
Start test 19?[0m
---------
|       |
|       |
|       |
---------
Enter the coordinates: > 2 2
---------
|       |
|   X   |
|       |
---------
Making move level "easy"
---------
| O     |
|   X   |
|       |
---------
?[1;31m
Start test 20?[0m
---------
|       |
|       |
|       |
---------
Enter the coordinates: > 2 2
---------
|       |
|   X   |
|       |
---------
Making move level "easy"
---------
|       |
|   X   |
|   O   |
---------
?[1;31m
Start test 21?[0m
---------
|       |
|       |
|       |
---------
Enter the coordinates: > 2 2
---------
|       |
|   X   |
|       |
---------
Making move level "easy"
---------
|       |
|   X   |
| O     |
---------
?[1;31m
Start test 22?[0m
---------
|       |
|       |
|       |
---------
Enter the coordinates: > 2 2
---------
|       |
|   X   |
|       |
---------
Making move level "easy"
---------
|       |
|   X   |
|     O |
---------
?[1;31m
Start test 23?[0m
---------
|       |
|       |
|       |
---------
Enter the coordinates: > 2 2
---------
|       |
|   X   |
|       |
---------
Making move level "easy"
---------
|     O |
|   X   |
|       |
---------
?[1;31m
Start test 24?[0m
---------
|       |
|       |
|       |
---------
Enter the coordinates: > 2 2
---------
|       |
|   X   |
|       |
---------
Making move level "easy"
---------
|       |
|   X O |
|       |
---------
?[1;31m
Start test 25?[0m
---------
|       |
|       |
|       |
---------
Enter the coordinates: > 2 2
---------
|       |
|   X   |
|       |
---------
Making move level "easy"
---------
|       |
| O X   |
|       |
---------
?[1;31m
Start test 26?[0m
---------
|       |
|       |
|       |
---------
Enter the coordinates: > 2 2
---------
|       |
|   X   |
|       |
---------
Making move level "easy"
---------
|       |
|   X   |
| O     |
---------
?[1;31m
Start test 27?[0m
---------
|       |
|       |
|       |
---------
Enter the coordinates: > 2 2
---------
|       |
|   X   |
|       |
---------
Making move level "easy"
---------
|   O   |
|   X   |
|       |
---------
?[1;31m
Start test 28?[0m
---------
|       |
|       |
|       |
---------
Enter the coordinates: > 2 2
---------
|       |
|   X   |
|       |
---------
Making move level "easy"
---------
|       |
|   X O |
|       |
---------
?[1;31m
Start test 29?[0m
---------
|       |
|       |
|       |
---------
Enter the coordinates: > 2 2
---------
|       |
|   X   |
|       |
---------
Making move level "easy"
---------
|   O   |
|   X   |
|       |
---------
?[1;31m
Start test 30?[0m
---------
|       |
|       |
|       |
---------
Enter the coordinates: > 2 2
---------
|       |
|   X   |
|       |
---------
Making move level "easy"
---------
|       |
| O X   |
|       |
---------
?[1;31m
Start test 31?[0m
---------
|       |
|       |
|       |
---------
Enter the coordinates: > 2 2
---------
|       |
|   X   |
|       |
---------
Making move level "easy"
---------
|       |
|   X   |
|   O   |
---------
?[1;31m
Start test 32?[0m
---------
|       |
|       |
|       |
---------
Enter the coordinates: > 2 2
---------
|       |
|   X   |
|       |
---------
Making move level "easy"
---------
|   O   |
|   X   |
|       |
---------
?[1;31m
Start test 33?[0m
---------
|       |
|       |
|       |
---------
Enter the coordinates: > 2 2
---------
|       |
|   X   |
|       |
---------
Making move level "easy"
---------
|       |
|   X   |
|     O |
---------
?[1;31m
Start test 34?[0m
---------
|       |
|       |
|       |
---------
Enter the coordinates: > 2 2
---------
|       |
|   X   |
|       |
---------
Making move level "easy"
---------
|   O   |
|   X   |
|       |
---------
?[1;31m
Start test 35?[0m
---------
|       |
|       |
|       |
---------
Enter the coordinates: > 2 2
---------
|       |
|   X   |
|       |
---------
Making move level "easy"
---------
|       |
|   X   |
| O     |
---------
?[1;31m
Start test 36?[0m
---------
|       |
|       |
|       |
---------
Enter the coordinates: > 2 2
---------
|       |
|   X   |
|       |
---------
Making move level "easy"
---------
|       |
|   X   |
| O     |
---------
?[1;31m
Start test 37?[0m
---------
|       |
|       |
|       |
---------
Enter the coordinates: > 2 2
---------
|       |
|   X   |
|       |
---------
Making move level "easy"
---------
|     O |
|   X   |
|       |
---------
?[1;31m
Start test 38?[0m
---------
|       |
|       |
|       |
---------
Enter the coordinates: > 2 2
---------
|       |
|   X   |
|       |
---------
Making move level "easy"
---------
|       |
|   X   |
|   O   |
---------
?[1;31m
Start test 39?[0m
---------
|       |
|       |
|       |
---------
Enter the coordinates: > 2 2
---------
|       |
|   X   |
|       |
---------
Making move level "easy"
---------
|       |
|   X   |
| O     |
---------
?[1;31m
Start test 40?[0m
---------
|       |
|       |
|       |
---------
Enter the coordinates: > 2 2
---------
|       |
|   X   |
|       |
---------
Making move level "easy"
---------
|   O   |
|   X   |
|       |
---------
?[1;31m
Start test 41?[0m
---------
|       |
|       |
|       |
---------
Enter the coordinates: > 2 2
---------
|       |
|   X   |
|       |
---------
Making move level "easy"
---------
|       |
|   X O |
|       |
---------
?[1;31m
Start test 42?[0m
---------
|       |
|       |
|       |
---------
Enter the coordinates: > 2 2
---------
|       |
|   X   |
|       |
---------
Making move level "easy"
---------
|   O   |
|   X   |
|       |
---------
?[1;31m
Start test 43?[0m
---------
|       |
|       |
|       |
---------
Enter the coordinates: > 2 2
---------
|       |
|   X   |
|       |
---------
Making move level "easy"
---------
|   O   |
|   X   |
|       |
---------
?[1;31m
Start test 44?[0m
---------
|       |
|       |
|       |
---------
Enter the coordinates: > 2 2
---------
|       |
|   X   |
|       |
---------
Making move level "easy"
---------
|       |
|   X O |
|       |
---------
?[1;31m
Start test 45?[0m
---------
|       |
|       |
|       |
---------
Enter the coordinates: > 2 2
---------
|       |
|   X   |
|       |
---------
Making move level "easy"
---------
|       |
|   X   |
|   O   |
---------
?[1;31m
Start test 46?[0m
---------
|       |
|       |
|       |
---------
Enter the coordinates: > 2 2
---------
|       |
|   X   |
|       |
---------
Making move level "easy"
---------
|       |
|   X   |
|     O |
---------
?[1;31m
Start test 47?[0m
---------
|       |
|       |
|       |
---------
Enter the coordinates: > 2 2
---------
|       |
|   X   |
|       |
---------
Making move level "easy"
---------
|     O |
|   X   |
|       |
---------
?[1;31m
Start test 48?[0m
---------
|       |
|       |
|       |
---------
Enter the coordinates: > 2 2
---------
|       |
|   X   |
|       |
---------
Making move level "easy"
---------
|   O   |
|   X   |
|       |
---------
?[1;31m
Start test 49?[0m
---------
|       |
|       |
|       |
---------
Enter the coordinates: > 2 2
---------
|       |
|   X   |
|       |
---------
Making move level "easy"
---------
| O     |
|   X   |
|       |
---------
?[1;31m
Start test 50?[0m
---------
|       |
|       |
|       |
---------
Enter the coordinates: > 2 2
---------
|       |
|   X   |
|       |
---------
Making move level "easy"
---------
|       |
|   X   |
| O     |
---------
?[1;31m
Start test 51?[0m
---------
|       |
|       |
|       |
---------
Enter the coordinates: > 2 2
---------
|       |
|   X   |
|       |
---------
Making move level "easy"
---------
|       |
|   X   |
| O     |
---------
?[1;31m
Start test 52?[0m
---------
|       |
|       |
|       |
---------
Enter the coordinates: > 2 2
---------
|       |
|   X   |
|       |
---------
Making move level "easy"
---------
|       |
|   X   |
| O     |
---------
?[1;31m
Start test 53?[0m
---------
|       |
|       |
|       |
---------
Enter the coordinates: > 2 2
---------
|       |
|   X   |
|       |
---------
Making move level "easy"
---------
|       |
|   X   |
|     O |
---------
?[1;31m
Start test 54?[0m
---------
|       |
|       |
|       |
---------
Enter the coordinates: > 2 2
---------
|       |
|   X   |
|       |
---------
Making move level "easy"
---------
|       |
|   X   |
| O     |
---------
?[1;31m
Start test 55?[0m
---------
|       |
|       |
|       |
---------
Enter the coordinates: > 2 2
---------
|       |
|   X   |
|       |
---------
Making move level "easy"
---------
|   O   |
|   X   |
|       |
---------
?[1;31m
Start test 56?[0m
---------
|       |
|       |
|       |
---------
Enter the coordinates: > 2 2
---------
|       |
|   X   |
|       |
---------
Making move level "easy"
---------
| O     |
|   X   |
|       |
---------
?[1;31m
Start test 57?[0m
---------
|       |
|       |
|       |
---------
Enter the coordinates: > 2 2
---------
|       |
|   X   |
|       |
---------
Making move level "easy"
---------
|       |
|   X   |
|     O |
---------
?[1;31m
Start test 58?[0m
---------
|       |
|       |
|       |
---------
Enter the coordinates: > 2 2
---------
|       |
|   X   |
|       |
---------
Making move level "easy"
---------
| O     |
|   X   |
|       |
---------
?[1;31m
Start test 59?[0m
---------
|       |
|       |
|       |
---------
Enter the coordinates: > 2 2
---------
|       |
|   X   |
|       |
---------
Making move level "easy"
---------
|       |
|   X   |
|     O |
---------
?[1;31m
Start test 60?[0m
---------
|       |
|       |
|       |
---------
Enter the coordinates: > 2 2
---------
|       |
|   X   |
|       |
---------
Making move level "easy"
---------
|       |
|   X   |
| O     |
---------
?[1;31m
Start test 61?[0m
---------
|       |
|       |
|       |
---------
Enter the coordinates: > 2 2
---------
|       |
|   X   |
|       |
---------
Making move level "easy"
---------
|       |
|   X   |
|     O |
---------
?[1;31m
Start test 62?[0m
---------
|       |
|       |
|       |
---------
Enter the coordinates: > 2 2
---------
|       |
|   X   |
|       |
---------
Making move level "easy"
---------
| O     |
|   X   |
|       |
---------
?[1;31m
Start test 63?[0m
---------
|       |
|       |
|       |
---------
Enter the coordinates: > 2 2
---------
|       |
|   X   |
|       |
---------
Making move level "easy"
---------
|     O |
|   X   |
|       |
---------
?[1;31m
Start test 64?[0m
---------
|       |
|       |
|       |
---------
Enter the coordinates: > 2 2
---------
|       |
|   X   |
|       |
---------
Making move level "easy"
---------
|       |
|   X O |
|       |
---------
?[1;31m
Start test 65?[0m
---------
|       |
|       |
|       |
---------
Enter the coordinates: > 2 2
---------
|       |
|   X   |
|       |
---------
Making move level "easy"
---------
|       |
|   X O |
|       |
---------
?[1;31m
Start test 66?[0m
---------
|       |
|       |
|       |
---------
Enter the coordinates: > 2 2
---------
|       |
|   X   |
|       |
---------
Making move level "easy"
---------
| O     |
|   X   |
|       |
---------
?[1;31m
Start test 67?[0m
---------
|       |
|       |
|       |
---------
Enter the coordinates: > 2 2
---------
|       |
|   X   |
|       |
---------
Making move level "easy"
---------
|       |
|   X   |
|     O |
---------
?[1;31m
Start test 68?[0m
---------
|       |
|       |
|       |
---------
Enter the coordinates: > 2 2
---------
|       |
|   X   |
|       |
---------
Making move level "easy"
---------
| O     |
|   X   |
|       |
---------
?[1;31m
Start test 69?[0m
---------
|       |
|       |
|       |
---------
Enter the coordinates: > 2 2
---------
|       |
|   X   |
|       |
---------
Making move level "easy"
---------
|       |
|   X O |
|       |
---------
?[1;31m
Start test 70?[0m
---------
|       |
|       |
|       |
---------
Enter the coordinates: > 2 2
---------
|       |
|   X   |
|       |
---------
Making move level "easy"
---------
|   O   |
|   X   |
|       |
---------
?[1;31m
Start test 71?[0m
---------
|       |
|       |
|       |
---------
Enter the coordinates: > 2 2
---------
|       |
|   X   |
|       |
---------
Making move level "easy"
---------
|       |
| O X   |
|       |
---------
?[1;31m
Start test 72?[0m
---------
|       |
|       |
|       |
---------
Enter the coordinates: > 2 2
---------
|       |
|   X   |
|       |
---------
Making move level "easy"
---------
| O     |
|   X   |
|       |
---------
?[1;31m
Start test 73?[0m
---------
|       |
|       |
|       |
---------
Enter the coordinates: > 2 2
---------
|       |
|   X   |
|       |
---------
Making move level "easy"
---------
|       |
|   X   |
| O     |
---------
?[1;31m
Start test 74?[0m
---------
|       |
|       |
|       |
---------
Enter the coordinates: > 2 2
---------
|       |
|   X   |
|       |
---------
Making move level "easy"
---------
|       |
|   X O |
|       |
---------
?[1;31m
Start test 75?[0m
---------
|       |
|       |
|       |
---------
Enter the coordinates: > 2 2
---------
|       |
|   X   |
|       |
---------
Making move level "easy"
---------
|       |
|   X   |
|   O   |
---------
?[1;31m
Start test 76?[0m
---------
|       |
|       |
|       |
---------
Enter the coordinates: > 2 2
---------
|       |
|   X   |
|       |
---------
Making move level "easy"
---------
|     O |
|   X   |
|       |
---------
?[1;31m
Start test 77?[0m
---------
|       |
|       |
|       |
---------
Enter the coordinates: > 2 2
---------
|       |
|   X   |
|       |
---------
Making move level "easy"
---------
|     O |
|   X   |
|       |
---------
?[1;31m
Start test 78?[0m
---------
|       |
|       |
|       |
---------
Enter the coordinates: > 2 2
---------
|       |
|   X   |
|       |
---------
Making move level "easy"
---------
|     O |
|   X   |
|       |
---------
?[1;31m
Start test 79?[0m
---------
|       |
|       |
|       |
---------
Enter the coordinates: > 2 2
---------
|       |
|   X   |
|       |
---------
Making move level "easy"
---------
|   O   |
|   X   |
|       |
---------
?[1;31m
Start test 80?[0m
---------
|       |
|       |
|       |
---------
Enter the coordinates: > 2 2
---------
|       |
|   X   |
|       |
---------
Making move level "easy"
---------
|       |
|   X O |
|       |
---------
?[1;31m
Start test 81?[0m
---------
|       |
|       |
|       |
---------
Enter the coordinates: > 2 2
---------
|       |
|   X   |
|       |
---------
Making move level "easy"
---------
|       |
|   X O |
|       |
---------
?[1;31m
Start test 82?[0m
---------
|       |
|       |
|       |
---------
Enter the coordinates: > 2 2
---------
|       |
|   X   |
|       |
---------
Making move level "easy"
---------
|     O |
|   X   |
|       |
---------
?[1;31m
Start test 83?[0m
---------
|       |
|       |
|       |
---------
Enter the coordinates: > 2 2
---------
|       |
|   X   |
|       |
---------
Making move level "easy"
---------
| O     |
|   X   |
|       |
---------
?[1;31m
Start test 84?[0m
---------
|       |
|       |
|       |
---------
Enter the coordinates: > 2 2
---------
|       |
|   X   |
|       |
---------
Making move level "easy"
---------
|       |
|   X   |
|     O |
---------
?[1;31m
Start test 85?[0m
---------
|       |
|       |
|       |
---------
Enter the coordinates: > 2 2
---------
|       |
|   X   |
|       |
---------
Making move level "easy"
---------
|   O   |
|   X   |
|       |
---------
?[1;31m
Start test 86?[0m
---------
|       |
|       |
|       |
---------
Enter the coordinates: > 2 2
---------
|       |
|   X   |
|       |
---------
Making move level "easy"
---------
|       |
|   X O |
|       |
---------
?[1;31m
Start test 87?[0m
---------
|       |
|       |
|       |
---------
Enter the coordinates: > 2 2
---------
|       |
|   X   |
|       |
---------
Making move level "easy"
---------
|     O |
|   X   |
|       |
---------
?[1;31m
Start test 88?[0m
---------
|       |
|       |
|       |
---------
Enter the coordinates: > 2 2
---------
|       |
|   X   |
|       |
---------
Making move level "easy"
---------
| O     |
|   X   |
|       |
---------
?[1;31m
Start test 89?[0m
---------
|       |
|       |
|       |
---------
Enter the coordinates: > 2 2
---------
|       |
|   X   |
|       |
---------
Making move level "easy"
---------
|       |
|   X   |
|   O   |
---------
?[1;31m
Start test 90?[0m
---------
|       |
|       |
|       |
---------
Enter the coordinates: > 2 2
---------
|       |
|   X   |
|       |
---------
Making move level "easy"
---------
|       |
|   X   |
|     O |
---------
?[1;31m
Start test 91?[0m
---------
|       |
|       |
|       |
---------
Enter the coordinates: > 2 2
---------
|       |
|   X   |
|       |
---------
Making move level "easy"
---------
|       |
|   X   |
|   O   |
---------
?[1;31m
Start test 92?[0m
---------
|       |
|       |
|       |
---------
Enter the coordinates: > 2 2
---------
|       |
|   X   |
|       |
---------
Making move level "easy"
---------
|   O   |
|   X   |
|       |
---------
?[1;31m
Start test 93?[0m
---------
|       |
|       |
|       |
---------
Enter the coordinates: > 2 2
---------
|       |
|   X   |
|       |
---------
Making move level "easy"
---------
|       |
|   X   |
| O     |
---------
?[1;31m
Start test 94?[0m
---------
|       |
|       |
|       |
---------
Enter the coordinates: > 2 2
---------
|       |
|   X   |
|       |
---------
Making move level "easy"
---------
|   O   |
|   X   |
|       |
---------
?[1;31m
Start test 95?[0m
---------
|       |
|       |
|       |
---------
Enter the coordinates: > 2 2
---------
|       |
|   X   |
|       |
---------
Making move level "easy"
---------
|       |
|   X   |
|   O   |
---------
?[1;31m
Start test 96?[0m
---------
|       |
|       |
|       |
---------
Enter the coordinates: > 2 2
---------
|       |
|   X   |
|       |
---------
Making move level "easy"
---------
|       |
|   X   |
|   O   |
---------
?[1;31m
Start test 97?[0m
---------
|       |
|       |
|       |
---------
Enter the coordinates: > 2 2
---------
|       |
|   X   |
|       |
---------
Making move level "easy"
---------
|   O   |
|   X   |
|       |
---------
?[1;31m
Start test 98?[0m
---------
|       |
|       |
|       |
---------
Enter the coordinates: > 2 2
---------
|       |
|   X   |
|       |
---------
Making move level "easy"
---------
|       |
|   X   |
| O     |
---------
?[1;31m
Start test 99?[0m
---------
|       |
|       |
|       |
---------
Enter the coordinates: > 2 2
---------
|       |
|   X   |
|       |
---------
Making move level "easy"
---------
|   O   |
|   X   |
|       |
---------
?[1;31m
Start test 100?[0m
---------
|       |
|       |
|       |
---------
Enter the coordinates: > 2 2
---------
|       |
|   X   |
|       |
---------
Making move level "easy"
---------
|       |
|   X   |
| O     |
---------
?[1;31m
Start test 101?[0m
---------
|       |
|       |
|       |
---------
Enter the coordinates: > 2 2
---------
|       |
|   X   |
|       |
---------
Making move level "easy"
---------
| O     |
|   X   |
|       |
---------
?[1;31m
Start test 102?[0m
?[1;31m
Start test 103?[0m
---------
|       |
|       |
|       |
---------
Enter the coordinates: > start user easy
You should enter numbers!
Enter the coordinates: > 2 2
---------
|       |
|   X   |
|       |
---------
Making move level "easy"
---------
|       |
|   X O |
|       |
---------
Enter the coordinates: > 1 1
---------
| X     |
|   X O |
|       |
---------
Making move level "easy"
---------
| X     |
|   X O |
| O     |
---------
?[1;31m
Start test 104?[0m
?[1;31m
Start test 105?[0m
?[1;31m
Start test 106?[0m
?[1;31m
Start test 107?[0m
?[1;31m
Start test 108?[0m
?[1;31m
Start test 109?[0m
?[1;31m
Start test 110?[0m
?[1;31m
Start test 111?[0m
?[1;31m
Start test 112?[0m
?[1;31m
Start test 113?[0m
?[1;31m
Start test 114?[0m
?[1;31m
Start test 115?[0m
?[1;31m
Start test 116?[0m
?[1;31m
Start test 117?[0m
?[1;31m
Start test 118?[0m
?[1;31m
Start test 119?[0m
?[1;31m
Start test 120?[0m
?[1;31m
Start test 121?[0m
?[1;31m
Start test 122?[0m
?[1;31m
Start test 123?[0m
?[1;31m
Start test 124?[0m
?[1;31m
Start test 125?[0m
?[1;31m
Start test 126?[0m
?[1;31m
Start test 127?[0m
?[1;31m
Start test 128?[0m
?[1;31m
Start test 129?[0m
?[1;31m
Start test 130?[0m
?[1;31m
Start test 131?[0m
?[1;31m
Start test 132?[0m
?[1;31m
Start test 133?[0m
]]></system-out>
  <system-err><![CDATA[]]></system-err>
</testsuite>
